Factorize N = 1961 begin. It has classically 11 bits.
Iter [500]: cnt_pair/n_pair = 2/38. Number of repeated pairs = 498. Spend: 0.699 seconds.
Iter [1000]: cnt_pair/n_pair = 2/38. Number of repeated pairs = 998. Spend: 0.115 seconds.
Iter [1500]: cnt_pair/n_pair = 2/38. Number of repeated pairs = 1498. Spend: 0.123 seconds.
Iter [2000]: cnt_pair/n_pair = 2/38. Number of repeated pairs = 1998. Spend: 0.113 seconds.
Iter [2500]: cnt_pair/n_pair = 2/38. Number of repeated pairs = 2498. Spend: 0.106 seconds.
Iter [3000]: cnt_pair/n_pair = 2/38. Number of repeated pairs = 2998. Spend: 0.119 seconds.
Iter [3500]: cnt_pair/n_pair = 2/38. Number of repeated pairs = 3498. Spend: 0.117 seconds.
Iter [4000]: cnt_pair/n_pair = 2/38. Number of repeated pairs = 3998. Spend: 0.116 seconds.
Iter [4500]: cnt_pair/n_pair = 2/38. Number of repeated pairs = 4498. Spend: 0.136 seconds.
Iter [5000]: cnt_pair/n_pair = 2/38. Number of repeated pairs = 4998. Spend: 0.129 seconds.
Iter [5500]: cnt_pair/n_pair = 2/38. Number of repeated pairs = 5498. Spend: 0.135 seconds.
Iter [6000]: cnt_pair/n_pair = 2/38. Number of repeated pairs = 5998. Spend: 0.142 seconds.
Iter [6500]: cnt_pair/n_pair = 2/38. Number of repeated pairs = 6498. Spend: 0.134 seconds.
Iter [7000]: cnt_pair/n_pair = 2/38. Number of repeated pairs = 6998. Spend: 0.110 seconds.
Iter [7500]: cnt_pair/n_pair = 2/38. Number of repeated pairs = 7498. Spend: 0.144 seconds.
Iter [8000]: cnt_pair/n_pair = 2/38. Number of repeated pairs = 7998. Spend: 0.135 seconds.
Iter [8500]: cnt_pair/n_pair = 2/38. Number of repeated pairs = 8498. Spend: 0.117 seconds.
Iter [9000]: cnt_pair/n_pair = 2/38. Number of repeated pairs = 8998. Spend: 0.132 seconds.
Iter [9500]: cnt_pair/n_pair = 2/38. Number of repeated pairs = 9498. Spend: 0.158 seconds.
Iter [10000]: cnt_pair/n_pair = 2/38. Number of repeated pairs = 9998. Spend: 0.128 seconds.
Iter [10500]: cnt_pair/n_pair = 2/38. Number of repeated pairs = 10498. Spend: 0.126 seconds.
Iter [11000]: cnt_pair/n_pair = 2/38. Number of repeated pairs = 10998. Spend: 0.125 seconds.
Iter [11500]: cnt_pair/n_pair = 2/38. Number of repeated pairs = 11498. Spend: 0.154 seconds.
Iter [12000]: cnt_pair/n_pair = 2/38. Number of repeated pairs = 11998. Spend: 0.132 seconds.
Iter [12500]: cnt_pair/n_pair = 2/38. Number of repeated pairs = 12498. Spend: 0.146 seconds.
Iter [13000]: cnt_pair/n_pair = 2/38. Number of repeated pairs = 12998. Spend: 0.119 seconds.
Iter [13500]: cnt_pair/n_pair = 2/38. Number of repeated pairs = 13498. Spend: 0.116 seconds.
Iter [14000]: cnt_pair/n_pair = 2/38. Number of repeated pairs = 13998. Spend: 0.121 seconds.
Iter [14500]: cnt_pair/n_pair = 2/38. Number of repeated pairs = 14498. Spend: 0.114 seconds.
Iter [15000]: cnt_pair/n_pair = 2/38. Number of repeated pairs = 14998. Spend: 0.135 seconds.
Iter [15500]: cnt_pair/n_pair = 2/38. Number of repeated pairs = 15498. Spend: 0.107 seconds.
Iter [16000]: cnt_pair/n_pair = 2/38. Number of repeated pairs = 15998. Spend: 0.120 seconds.
Iter [16500]: cnt_pair/n_pair = 2/38. Number of repeated pairs = 16498. Spend: 0.116 seconds.
Iter [17000]: cnt_pair/n_pair = 2/38. Number of repeated pairs = 16998. Spend: 0.118 seconds.
Iter [17500]: cnt_pair/n_pair = 2/38. Number of repeated pairs = 17498. Spend: 0.131 seconds.
Iter [18000]: cnt_pair/n_pair = 2/38. Number of repeated pairs = 17998. Spend: 0.119 seconds.
Iter [18500]: cnt_pair/n_pair = 2/38. Number of repeated pairs = 18498. Spend: 0.141 seconds.
Iter [19000]: cnt_pair/n_pair = 2/38. Number of repeated pairs = 18998. Spend: 0.118 seconds.
Iter [19500]: cnt_pair/n_pair = 2/38. Number of repeated pairs = 19498. Spend: 0.104 seconds.
Iter [20000]: cnt_pair/n_pair = 2/38. Number of repeated pairs = 19998. Spend: 0.116 seconds.
Iter [20500]: cnt_pair/n_pair = 2/38. Number of repeated pairs = 20498. Spend: 0.106 seconds.
Iter [21000]: cnt_pair/n_pair = 2/38. Number of repeated pairs = 20998. Spend: 0.126 seconds.
Iter [21500]: cnt_pair/n_pair = 2/38. Number of repeated pairs = 21498. Spend: 0.132 seconds.
Iter [22000]: cnt_pair/n_pair = 2/38. Number of repeated pairs = 21998. Spend: 0.134 seconds.
Iter [22500]: cnt_pair/n_pair = 2/38. Number of repeated pairs = 22498. Spend: 0.124 seconds.
Iter [23000]: cnt_pair/n_pair = 2/38. Number of repeated pairs = 22998. Spend: 0.133 seconds.
Iter [23500]: cnt_pair/n_pair = 2/38. Number of repeated pairs = 23498. Spend: 0.132 seconds.
Iter [24000]: cnt_pair/n_pair = 2/38. Number of repeated pairs = 23998. Spend: 0.121 seconds.
Iter [24500]: cnt_pair/n_pair = 2/38. Number of repeated pairs = 24498. Spend: 0.121 seconds.
Iter [25000]: cnt_pair/n_pair = 2/38. Number of repeated pairs = 24998. Spend: 0.119 seconds.
Iter [25500]: cnt_pair/n_pair = 2/38. Number of repeated pairs = 25498. Spend: 0.116 seconds.
Iter [26000]: cnt_pair/n_pair = 2/38. Number of repeated pairs = 25998. Spend: 0.126 seconds.
Iter [26500]: cnt_pair/n_pair = 2/38. Number of repeated pairs = 26498. Spend: 0.130 seconds.
Iter [27000]: cnt_pair/n_pair = 2/38. Number of repeated pairs = 26998. Spend: 0.120 seconds.
Iter [27500]: cnt_pair/n_pair = 2/38. Number of repeated pairs = 27498. Spend: 0.142 seconds.
Iter [28000]: cnt_pair/n_pair = 2/38. Number of repeated pairs = 27998. Spend: 0.133 seconds.
Iter [28500]: cnt_pair/n_pair = 2/38. Number of repeated pairs = 28498. Spend: 0.112 seconds.
Iter [29000]: cnt_pair/n_pair = 2/38. Number of repeated pairs = 28998. Spend: 0.134 seconds.
Iter [29500]: cnt_pair/n_pair = 2/38. Number of repeated pairs = 29498. Spend: 0.137 seconds.
Iter [30000]: cnt_pair/n_pair = 2/38. Number of repeated pairs = 29998. Spend: 0.131 seconds.
Iter [30500]: cnt_pair/n_pair = 2/38. Number of repeated pairs = 30498. Spend: 0.105 seconds.
Iter [31000]: cnt_pair/n_pair = 2/38. Number of repeated pairs = 30998. Spend: 0.132 seconds.
Iter [31500]: cnt_pair/n_pair = 2/38. Number of repeated pairs = 31498. Spend: 0.118 seconds.
Iter [32000]: cnt_pair/n_pair = 2/38. Number of repeated pairs = 31998. Spend: 0.118 seconds.
Iter [32500]: cnt_pair/n_pair = 2/38. Number of repeated pairs = 32498. Spend: 0.140 seconds.
Iter [33000]: cnt_pair/n_pair = 2/38. Number of repeated pairs = 32998. Spend: 0.117 seconds.
Iter [33500]: cnt_pair/n_pair = 2/38. Number of repeated pairs = 33498. Spend: 0.120 seconds.
Iter [34000]: cnt_pair/n_pair = 2/38. Number of repeated pairs = 33998. Spend: 0.114 seconds.
Iter [34500]: cnt_pair/n_pair = 2/38. Number of repeated pairs = 34498. Spend: 0.117 seconds.
Iter [35000]: cnt_pair/n_pair = 2/38. Number of repeated pairs = 34998. Spend: 0.142 seconds.
Iter [35500]: cnt_pair/n_pair = 2/38. Number of repeated pairs = 35498. Spend: 0.114 seconds.
Iter [36000]: cnt_pair/n_pair = 2/38. Number of repeated pairs = 35998. Spend: 0.143 seconds.
Iter [36500]: cnt_pair/n_pair = 2/38. Number of repeated pairs = 36498. Spend: 0.135 seconds.
Iter [37000]: cnt_pair/n_pair = 2/38. Number of repeated pairs = 36998. Spend: 0.136 seconds.
Iter [37500]: cnt_pair/n_pair = 2/38. Number of repeated pairs = 37498. Spend: 0.112 seconds.
Iter [38000]: cnt_pair/n_pair = 2/38. Number of repeated pairs = 37998. Spend: 0.107 seconds.
Iter [38500]: cnt_pair/n_pair = 2/38. Number of repeated pairs = 38498. Spend: 0.145 seconds.
Iter [39000]: cnt_pair/n_pair = 2/38. Number of repeated pairs = 38998. Spend: 0.149 seconds.
Iter [39500]: cnt_pair/n_pair = 2/38. Number of repeated pairs = 39498. Spend: 0.133 seconds.
Iter [40000]: cnt_pair/n_pair = 2/38. Number of repeated pairs = 39998. Spend: 0.137 seconds.
Iter [40500]: cnt_pair/n_pair = 2/38. Number of repeated pairs = 40498. Spend: 0.106 seconds.
Iter [41000]: cnt_pair/n_pair = 2/38. Number of repeated pairs = 40998. Spend: 0.105 seconds.
Iter [41500]: cnt_pair/n_pair = 2/38. Number of repeated pairs = 41498. Spend: 0.119 seconds.
Iter [42000]: cnt_pair/n_pair = 2/38. Number of repeated pairs = 41998. Spend: 0.116 seconds.
Iter [42500]: cnt_pair/n_pair = 2/38. Number of repeated pairs = 42498. Spend: 0.113 seconds.
Iter [43000]: cnt_pair/n_pair = 2/38. Number of repeated pairs = 42998. Spend: 0.106 seconds.
Iter [43500]: cnt_pair/n_pair = 2/38. Number of repeated pairs = 43498. Spend: 0.105 seconds.
Iter [44000]: cnt_pair/n_pair = 2/38. Number of repeated pairs = 43998. Spend: 0.105 seconds.
Iter [44500]: cnt_pair/n_pair = 2/38. Number of repeated pairs = 44498. Spend: 0.116 seconds.
Iter [45000]: cnt_pair/n_pair = 2/38. Number of repeated pairs = 44998. Spend: 0.129 seconds.
Iter [45500]: cnt_pair/n_pair = 2/38. Number of repeated pairs = 45498. Spend: 0.115 seconds.
Iter [46000]: cnt_pair/n_pair = 2/38. Number of repeated pairs = 45998. Spend: 0.134 seconds.
Iter [46500]: cnt_pair/n_pair = 2/38. Number of repeated pairs = 46498. Spend: 0.117 seconds.
Iter [47000]: cnt_pair/n_pair = 2/38. Number of repeated pairs = 46998. Spend: 0.109 seconds.
Iter [47500]: cnt_pair/n_pair = 2/38. Number of repeated pairs = 47498. Spend: 0.108 seconds.
Iter [48000]: cnt_pair/n_pair = 2/38. Number of repeated pairs = 47998. Spend: 0.119 seconds.
Iter [48500]: cnt_pair/n_pair = 2/38. Number of repeated pairs = 48498. Spend: 0.142 seconds.
Iter [49000]: cnt_pair/n_pair = 2/38. Number of repeated pairs = 48998. Spend: 0.139 seconds.
Iter [49500]: cnt_pair/n_pair = 2/38. Number of repeated pairs = 49498. Spend: 0.108 seconds.
Iter [50000]: cnt_pair/n_pair = 2/38. Number of repeated pairs = 49998. Spend: 0.124 seconds.
Iter [50500]: cnt_pair/n_pair = 2/38. Number of repeated pairs = 50498. Spend: 0.121 seconds.
Iter [51000]: cnt_pair/n_pair = 2/38. Number of repeated pairs = 50998. Spend: 0.122 seconds.
Iter [51500]: cnt_pair/n_pair = 2/38. Number of repeated pairs = 51498. Spend: 0.107 seconds.
Iter [52000]: cnt_pair/n_pair = 2/38. Number of repeated pairs = 51998. Spend: 0.116 seconds.
Iter [52500]: cnt_pair/n_pair = 2/38. Number of repeated pairs = 52498. Spend: 0.113 seconds.
Iter [53000]: cnt_pair/n_pair = 2/38. Number of repeated pairs = 52998. Spend: 0.108 seconds.
Iter [53500]: cnt_pair/n_pair = 2/38. Number of repeated pairs = 53498. Spend: 0.107 seconds.
Iter [54000]: cnt_pair/n_pair = 2/38. Number of repeated pairs = 53998. Spend: 0.106 seconds.
Iter [54500]: cnt_pair/n_pair = 2/38. Number of repeated pairs = 54498. Spend: 0.117 seconds.
Iter [55000]: cnt_pair/n_pair = 2/38. Number of repeated pairs = 54998. Spend: 0.110 seconds.
Iter [55500]: cnt_pair/n_pair = 2/38. Number of repeated pairs = 55498. Spend: 0.105 seconds.
Iter [56000]: cnt_pair/n_pair = 2/38. Number of repeated pairs = 55998. Spend: 0.107 seconds.
Iter [56500]: cnt_pair/n_pair = 2/38. Number of repeated pairs = 56498. Spend: 0.128 seconds.
Iter [57000]: cnt_pair/n_pair = 2/38. Number of repeated pairs = 56998. Spend: 0.122 seconds.
Iter [57500]: cnt_pair/n_pair = 2/38. Number of repeated pairs = 57498. Spend: 0.137 seconds.
Iter [58000]: cnt_pair/n_pair = 2/38. Number of repeated pairs = 57998. Spend: 0.105 seconds.
Iter [58500]: cnt_pair/n_pair = 2/38. Number of repeated pairs = 58498. Spend: 0.111 seconds.
Iter [59000]: cnt_pair/n_pair = 2/38. Number of repeated pairs = 58998. Spend: 0.132 seconds.
Iter [59500]: cnt_pair/n_pair = 2/38. Number of repeated pairs = 59498. Spend: 0.150 seconds.
Iter [60000]: cnt_pair/n_pair = 2/38. Number of repeated pairs = 59998. Spend: 0.127 seconds.
Iter [60500]: cnt_pair/n_pair = 2/38. Number of repeated pairs = 60498. Spend: 0.118 seconds.
Iter [61000]: cnt_pair/n_pair = 2/38. Number of repeated pairs = 60998. Spend: 0.124 seconds.
Iter [61500]: cnt_pair/n_pair = 2/38. Number of repeated pairs = 61498. Spend: 0.112 seconds.
Iter [62000]: cnt_pair/n_pair = 2/38. Number of repeated pairs = 61998. Spend: 0.109 seconds.
Iter [62500]: cnt_pair/n_pair = 2/38. Number of repeated pairs = 62498. Spend: 0.105 seconds.
Iter [63000]: cnt_pair/n_pair = 2/38. Number of repeated pairs = 62998. Spend: 0.111 seconds.
Iter [63500]: cnt_pair/n_pair = 2/38. Number of repeated pairs = 63498. Spend: 0.108 seconds.
Iter [64000]: cnt_pair/n_pair = 2/38. Number of repeated pairs = 63998. Spend: 0.106 seconds.
Iter [64500]: cnt_pair/n_pair = 2/38. Number of repeated pairs = 64498. Spend: 0.106 seconds.
Iter [65000]: cnt_pair/n_pair = 2/38. Number of repeated pairs = 64998. Spend: 0.108 seconds.
Iter [65500]: cnt_pair/n_pair = 2/38. Number of repeated pairs = 65498. Spend: 0.124 seconds.
Iter [66000]: cnt_pair/n_pair = 2/38. Number of repeated pairs = 65998. Spend: 0.108 seconds.
Iter [66500]: cnt_pair/n_pair = 2/38. Number of repeated pairs = 66498. Spend: 0.107 seconds.
Iter [67000]: cnt_pair/n_pair = 2/38. Number of repeated pairs = 66998. Spend: 0.116 seconds.
Iter [67500]: cnt_pair/n_pair = 2/38. Number of repeated pairs = 67498. Spend: 0.105 seconds.
Iter [68000]: cnt_pair/n_pair = 2/38. Number of repeated pairs = 67998. Spend: 0.108 seconds.
Iter [68500]: cnt_pair/n_pair = 2/38. Number of repeated pairs = 68498. Spend: 0.136 seconds.
Iter [69000]: cnt_pair/n_pair = 2/38. Number of repeated pairs = 68998. Spend: 0.105 seconds.
Iter [69500]: cnt_pair/n_pair = 2/38. Number of repeated pairs = 69498. Spend: 0.121 seconds.
Iter [70000]: cnt_pair/n_pair = 2/38. Number of repeated pairs = 69998. Spend: 0.130 seconds.
Iter [70500]: cnt_pair/n_pair = 2/38. Number of repeated pairs = 70498. Spend: 0.139 seconds.
Iter [71000]: cnt_pair/n_pair = 2/38. Number of repeated pairs = 70998. Spend: 0.110 seconds.
Iter [71500]: cnt_pair/n_pair = 2/38. Number of repeated pairs = 71498. Spend: 0.140 seconds.
Iter [72000]: cnt_pair/n_pair = 2/38. Number of repeated pairs = 71998. Spend: 0.108 seconds.
Iter [72500]: cnt_pair/n_pair = 2/38. Number of repeated pairs = 72498. Spend: 0.104 seconds.
Iter [73000]: cnt_pair/n_pair = 2/38. Number of repeated pairs = 72998. Spend: 0.109 seconds.
Iter [73500]: cnt_pair/n_pair = 2/38. Number of repeated pairs = 73498. Spend: 0.120 seconds.
Iter [74000]: cnt_pair/n_pair = 2/38. Number of repeated pairs = 73998. Spend: 0.154 seconds.
Iter [74500]: cnt_pair/n_pair = 2/38. Number of repeated pairs = 74498. Spend: 0.119 seconds.
Iter [75000]: cnt_pair/n_pair = 2/38. Number of repeated pairs = 74998. Spend: 0.106 seconds.
Iter [75500]: cnt_pair/n_pair = 2/38. Number of repeated pairs = 75498. Spend: 0.106 seconds.
Iter [76000]: cnt_pair/n_pair = 2/38. Number of repeated pairs = 75998. Spend: 0.106 seconds.
Iter [76500]: cnt_pair/n_pair = 2/38. Number of repeated pairs = 76498. Spend: 0.110 seconds.
Iter [77000]: cnt_pair/n_pair = 2/38. Number of repeated pairs = 76998. Spend: 0.105 seconds.
Iter [77500]: cnt_pair/n_pair = 2/38. Number of repeated pairs = 77498. Spend: 0.105 seconds.
Iter [78000]: cnt_pair/n_pair = 2/38. Number of repeated pairs = 77998. Spend: 0.107 seconds.
Iter [78500]: cnt_pair/n_pair = 2/38. Number of repeated pairs = 78498. Spend: 0.105 seconds.
Iter [79000]: cnt_pair/n_pair = 2/38. Number of repeated pairs = 78998. Spend: 0.105 seconds.
Iter [79500]: cnt_pair/n_pair = 2/38. Number of repeated pairs = 79498. Spend: 0.112 seconds.
Iter [80000]: cnt_pair/n_pair = 2/38. Number of repeated pairs = 79998. Spend: 0.106 seconds.
Iter [80500]: cnt_pair/n_pair = 2/38. Number of repeated pairs = 80498. Spend: 0.120 seconds.
Iter [81000]: cnt_pair/n_pair = 2/38. Number of repeated pairs = 80998. Spend: 0.154 seconds.
Iter [81500]: cnt_pair/n_pair = 2/38. Number of repeated pairs = 81498. Spend: 0.116 seconds.
Iter [82000]: cnt_pair/n_pair = 2/38. Number of repeated pairs = 81998. Spend: 0.112 seconds.
Iter [82500]: cnt_pair/n_pair = 2/38. Number of repeated pairs = 82498. Spend: 0.110 seconds.
Iter [83000]: cnt_pair/n_pair = 2/38. Number of repeated pairs = 82998. Spend: 0.110 seconds.
Iter [83500]: cnt_pair/n_pair = 2/38. Number of repeated pairs = 83498. Spend: 0.111 seconds.
Iter [84000]: cnt_pair/n_pair = 2/38. Number of repeated pairs = 83998. Spend: 0.109 seconds.
Iter [84500]: cnt_pair/n_pair = 2/38. Number of repeated pairs = 84498. Spend: 0.105 seconds.
Iter [85000]: cnt_pair/n_pair = 2/38. Number of repeated pairs = 84998. Spend: 0.104 seconds.
Iter [85500]: cnt_pair/n_pair = 2/38. Number of repeated pairs = 85498. Spend: 0.114 seconds.
Iter [86000]: cnt_pair/n_pair = 2/38. Number of repeated pairs = 85998. Spend: 0.110 seconds.
Iter [86500]: cnt_pair/n_pair = 2/38. Number of repeated pairs = 86498. Spend: 0.107 seconds.
Iter [87000]: cnt_pair/n_pair = 2/38. Number of repeated pairs = 86998. Spend: 0.156 seconds.
Iter [87500]: cnt_pair/n_pair = 2/38. Number of repeated pairs = 87498. Spend: 0.143 seconds.
Iter [88000]: cnt_pair/n_pair = 2/38. Number of repeated pairs = 87998. Spend: 0.111 seconds.
Iter [88500]: cnt_pair/n_pair = 2/38. Number of repeated pairs = 88498. Spend: 0.108 seconds.
Iter [89000]: cnt_pair/n_pair = 2/38. Number of repeated pairs = 88998. Spend: 0.106 seconds.
Iter [89500]: cnt_pair/n_pair = 2/38. Number of repeated pairs = 89498. Spend: 0.107 seconds.
Iter [90000]: cnt_pair/n_pair = 2/38. Number of repeated pairs = 89998. Spend: 0.103 seconds.
Iter [90500]: cnt_pair/n_pair = 2/38. Number of repeated pairs = 90498. Spend: 0.103 seconds.
Iter [91000]: cnt_pair/n_pair = 2/38. Number of repeated pairs = 90998. Spend: 0.129 seconds.
Iter [91500]: cnt_pair/n_pair = 2/38. Number of repeated pairs = 91498. Spend: 0.126 seconds.
Iter [92000]: cnt_pair/n_pair = 2/38. Number of repeated pairs = 91998. Spend: 0.103 seconds.
Iter [92500]: cnt_pair/n_pair = 2/38. Number of repeated pairs = 92498. Spend: 0.104 seconds.
Iter [93000]: cnt_pair/n_pair = 2/38. Number of repeated pairs = 92998. Spend: 0.107 seconds.
Iter [93500]: cnt_pair/n_pair = 2/38. Number of repeated pairs = 93498. Spend: 0.106 seconds.
Iter [94000]: cnt_pair/n_pair = 2/38. Number of repeated pairs = 93998. Spend: 0.105 seconds.
Iter [94500]: cnt_pair/n_pair = 2/38. Number of repeated pairs = 94498. Spend: 0.104 seconds.
Iter [95000]: cnt_pair/n_pair = 2/38. Number of repeated pairs = 94998. Spend: 0.103 seconds.
Iter [95500]: cnt_pair/n_pair = 2/38. Number of repeated pairs = 95498. Spend: 0.128 seconds.
Iter [96000]: cnt_pair/n_pair = 2/38. Number of repeated pairs = 95998. Spend: 0.147 seconds.
Iter [96500]: cnt_pair/n_pair = 2/38. Number of repeated pairs = 96498. Spend: 0.126 seconds.
Iter [97000]: cnt_pair/n_pair = 2/38. Number of repeated pairs = 96998. Spend: 0.106 seconds.
Iter [97500]: cnt_pair/n_pair = 2/38. Number of repeated pairs = 97498. Spend: 0.108 seconds.
Iter [98000]: cnt_pair/n_pair = 2/38. Number of repeated pairs = 97998. Spend: 0.115 seconds.
Iter [98500]: cnt_pair/n_pair = 2/38. Number of repeated pairs = 98498. Spend: 0.134 seconds.
Iter [99000]: cnt_pair/n_pair = 2/38. Number of repeated pairs = 98998. Spend: 0.110 seconds.
Iter [99500]: cnt_pair/n_pair = 2/38. Number of repeated pairs = 99498. Spend: 0.104 seconds.
Warn: only find 2/38 pairs with 100000 iterations.
Warn: Factorize failed!
Total spend 24.625 seconds.
