Factorize N = 1961 begin. It has classically 11 bits.
Iter [500]: cnt_pair/n_pair = 6/12. Number of repeated pairs = 187. Spend: 0.649 seconds.
Iter [1000]: cnt_pair/n_pair = 8/12. Number of repeated pairs = 348. Spend: 0.065 seconds.
Iter [1500]: cnt_pair/n_pair = 9/12. Number of repeated pairs = 526. Spend: 0.074 seconds.
Iter [2000]: cnt_pair/n_pair = 10/12. Number of repeated pairs = 684. Spend: 0.070 seconds.
Iter [2500]: cnt_pair/n_pair = 10/12. Number of repeated pairs = 864. Spend: 0.063 seconds.
Iter [3000]: cnt_pair/n_pair = 10/12. Number of repeated pairs = 1054. Spend: 0.057 seconds.
Iter [3500]: cnt_pair/n_pair = 10/12. Number of repeated pairs = 1235. Spend: 0.069 seconds.
Iter [4000]: cnt_pair/n_pair = 11/12. Number of repeated pairs = 1410. Spend: 0.079 seconds.
Iter [4500]: cnt_pair/n_pair = 11/12. Number of repeated pairs = 1603. Spend: 0.072 seconds.
Iter [5000]: cnt_pair/n_pair = 11/12. Number of repeated pairs = 1795. Spend: 0.063 seconds.
Iter [5500]: cnt_pair/n_pair = 11/12. Number of repeated pairs = 1967. Spend: 0.073 seconds.
Iter [6000]: cnt_pair/n_pair = 11/12. Number of repeated pairs = 2153. Spend: 0.072 seconds.
Iter [6500]: cnt_pair/n_pair = 11/12. Number of repeated pairs = 2339. Spend: 0.075 seconds.
Iter [7000]: cnt_pair/n_pair = 11/12. Number of repeated pairs = 2519. Spend: 0.061 seconds.
Iter [7500]: cnt_pair/n_pair = 11/12. Number of repeated pairs = 2690. Spend: 0.070 seconds.
Iter [8000]: cnt_pair/n_pair = 11/12. Number of repeated pairs = 2865. Spend: 0.065 seconds.
Iter [8500]: cnt_pair/n_pair = 11/12. Number of repeated pairs = 3047. Spend: 0.068 seconds.
Iter [9000]: cnt_pair/n_pair = 11/12. Number of repeated pairs = 3221. Spend: 0.065 seconds.
Iter [9500]: cnt_pair/n_pair = 11/12. Number of repeated pairs = 3419. Spend: 0.060 seconds.
Iter [10000]: cnt_pair/n_pair = 11/12. Number of repeated pairs = 3592. Spend: 0.071 seconds.
Iter [10500]: cnt_pair/n_pair = 11/12. Number of repeated pairs = 3762. Spend: 0.063 seconds.
Iter [11000]: cnt_pair/n_pair = 11/12. Number of repeated pairs = 3950. Spend: 0.059 seconds.
Iter [11500]: cnt_pair/n_pair = 11/12. Number of repeated pairs = 4146. Spend: 0.059 seconds.
Iter [12000]: cnt_pair/n_pair = 11/12. Number of repeated pairs = 4329. Spend: 0.058 seconds.
Iter [12500]: cnt_pair/n_pair = 11/12. Number of repeated pairs = 4503. Spend: 0.067 seconds.
Iter [13000]: cnt_pair/n_pair = 11/12. Number of repeated pairs = 4690. Spend: 0.061 seconds.
Iter [13500]: cnt_pair/n_pair = 11/12. Number of repeated pairs = 4869. Spend: 0.063 seconds.
Iter [14000]: cnt_pair/n_pair = 11/12. Number of repeated pairs = 5042. Spend: 0.061 seconds.
Iter [14500]: cnt_pair/n_pair = 11/12. Number of repeated pairs = 5228. Spend: 0.059 seconds.
Iter [15000]: cnt_pair/n_pair = 11/12. Number of repeated pairs = 5399. Spend: 0.060 seconds.
Iter [15500]: cnt_pair/n_pair = 11/12. Number of repeated pairs = 5587. Spend: 0.059 seconds.
Iter [16000]: cnt_pair/n_pair = 11/12. Number of repeated pairs = 5780. Spend: 0.065 seconds.
Iter [16500]: cnt_pair/n_pair = 11/12. Number of repeated pairs = 5958. Spend: 0.073 seconds.
Iter [17000]: cnt_pair/n_pair = 11/12. Number of repeated pairs = 6164. Spend: 0.058 seconds.
Iter [17500]: cnt_pair/n_pair = 11/12. Number of repeated pairs = 6354. Spend: 0.058 seconds.
Iter [18000]: cnt_pair/n_pair = 11/12. Number of repeated pairs = 6524. Spend: 0.063 seconds.
Iter [18500]: cnt_pair/n_pair = 11/12. Number of repeated pairs = 6723. Spend: 0.058 seconds.
Iter [19000]: cnt_pair/n_pair = 11/12. Number of repeated pairs = 6902. Spend: 0.075 seconds.
Iter [19500]: cnt_pair/n_pair = 11/12. Number of repeated pairs = 7089. Spend: 0.085 seconds.
Iter [20000]: cnt_pair/n_pair = 11/12. Number of repeated pairs = 7258. Spend: 0.062 seconds.
Iter [20500]: cnt_pair/n_pair = 11/12. Number of repeated pairs = 7455. Spend: 0.059 seconds.
Iter [21000]: cnt_pair/n_pair = 11/12. Number of repeated pairs = 7657. Spend: 0.061 seconds.
Iter [21500]: cnt_pair/n_pair = 11/12. Number of repeated pairs = 7844. Spend: 0.059 seconds.
Iter [22000]: cnt_pair/n_pair = 11/12. Number of repeated pairs = 8017. Spend: 0.072 seconds.
Iter [22500]: cnt_pair/n_pair = 11/12. Number of repeated pairs = 8189. Spend: 0.063 seconds.
Iter [23000]: cnt_pair/n_pair = 11/12. Number of repeated pairs = 8369. Spend: 0.059 seconds.
Iter [23500]: cnt_pair/n_pair = 11/12. Number of repeated pairs = 8572. Spend: 0.069 seconds.
Iter [24000]: cnt_pair/n_pair = 11/12. Number of repeated pairs = 8759. Spend: 0.063 seconds.
Iter [24500]: cnt_pair/n_pair = 11/12. Number of repeated pairs = 8949. Spend: 0.062 seconds.
Iter [25000]: cnt_pair/n_pair = 11/12. Number of repeated pairs = 9155. Spend: 0.069 seconds.
Iter [25500]: cnt_pair/n_pair = 11/12. Number of repeated pairs = 9335. Spend: 0.068 seconds.
Iter [26000]: cnt_pair/n_pair = 11/12. Number of repeated pairs = 9530. Spend: 0.070 seconds.
Iter [26500]: cnt_pair/n_pair = 11/12. Number of repeated pairs = 9706. Spend: 0.064 seconds.
Iter [27000]: cnt_pair/n_pair = 11/12. Number of repeated pairs = 9882. Spend: 0.059 seconds.
Iter [27500]: cnt_pair/n_pair = 11/12. Number of repeated pairs = 10083. Spend: 0.058 seconds.
Iter [28000]: cnt_pair/n_pair = 11/12. Number of repeated pairs = 10240. Spend: 0.057 seconds.
Iter [28500]: cnt_pair/n_pair = 11/12. Number of repeated pairs = 10430. Spend: 0.077 seconds.
Iter [29000]: cnt_pair/n_pair = 11/12. Number of repeated pairs = 10599. Spend: 0.068 seconds.
Iter [29500]: cnt_pair/n_pair = 11/12. Number of repeated pairs = 10774. Spend: 0.072 seconds.
Iter [30000]: cnt_pair/n_pair = 11/12. Number of repeated pairs = 10949. Spend: 0.072 seconds.
Iter [30500]: cnt_pair/n_pair = 11/12. Number of repeated pairs = 11133. Spend: 0.074 seconds.
Iter [31000]: cnt_pair/n_pair = 11/12. Number of repeated pairs = 11307. Spend: 0.068 seconds.
Iter [31500]: cnt_pair/n_pair = 11/12. Number of repeated pairs = 11480. Spend: 0.056 seconds.
Iter [32000]: cnt_pair/n_pair = 11/12. Number of repeated pairs = 11650. Spend: 0.062 seconds.
Iter [32500]: cnt_pair/n_pair = 11/12. Number of repeated pairs = 11840. Spend: 0.062 seconds.
Iter [33000]: cnt_pair/n_pair = 11/12. Number of repeated pairs = 12032. Spend: 0.059 seconds.
Iter [33500]: cnt_pair/n_pair = 11/12. Number of repeated pairs = 12221. Spend: 0.067 seconds.
Iter [34000]: cnt_pair/n_pair = 11/12. Number of repeated pairs = 12413. Spend: 0.069 seconds.
Iter [34500]: cnt_pair/n_pair = 11/12. Number of repeated pairs = 12601. Spend: 0.061 seconds.
Iter [35000]: cnt_pair/n_pair = 11/12. Number of repeated pairs = 12797. Spend: 0.060 seconds.
Iter [35500]: cnt_pair/n_pair = 11/12. Number of repeated pairs = 12976. Spend: 0.059 seconds.
Iter [36000]: cnt_pair/n_pair = 11/12. Number of repeated pairs = 13163. Spend: 0.073 seconds.
Iter [36500]: cnt_pair/n_pair = 11/12. Number of repeated pairs = 13349. Spend: 0.058 seconds.
Iter [37000]: cnt_pair/n_pair = 11/12. Number of repeated pairs = 13518. Spend: 0.059 seconds.
Iter [37500]: cnt_pair/n_pair = 11/12. Number of repeated pairs = 13683. Spend: 0.059 seconds.
Iter [38000]: cnt_pair/n_pair = 11/12. Number of repeated pairs = 13875. Spend: 0.060 seconds.
Iter [38500]: cnt_pair/n_pair = 11/12. Number of repeated pairs = 14055. Spend: 0.063 seconds.
Iter [39000]: cnt_pair/n_pair = 11/12. Number of repeated pairs = 14232. Spend: 0.059 seconds.
Iter [39500]: cnt_pair/n_pair = 11/12. Number of repeated pairs = 14405. Spend: 0.064 seconds.
Iter [40000]: cnt_pair/n_pair = 11/12. Number of repeated pairs = 14583. Spend: 0.061 seconds.
Iter [40500]: cnt_pair/n_pair = 11/12. Number of repeated pairs = 14769. Spend: 0.063 seconds.
Iter [41000]: cnt_pair/n_pair = 11/12. Number of repeated pairs = 14952. Spend: 0.059 seconds.
Iter [41500]: cnt_pair/n_pair = 11/12. Number of repeated pairs = 15126. Spend: 0.061 seconds.
Iter [42000]: cnt_pair/n_pair = 11/12. Number of repeated pairs = 15306. Spend: 0.061 seconds.
Iter [42500]: cnt_pair/n_pair = 11/12. Number of repeated pairs = 15468. Spend: 0.078 seconds.
Iter [43000]: cnt_pair/n_pair = 11/12. Number of repeated pairs = 15652. Spend: 0.084 seconds.
Iter [43500]: cnt_pair/n_pair = 11/12. Number of repeated pairs = 15837. Spend: 0.084 seconds.
Iter [44000]: cnt_pair/n_pair = 11/12. Number of repeated pairs = 16032. Spend: 0.060 seconds.
Iter [44500]: cnt_pair/n_pair = 11/12. Number of repeated pairs = 16215. Spend: 0.059 seconds.
Iter [45000]: cnt_pair/n_pair = 11/12. Number of repeated pairs = 16389. Spend: 0.060 seconds.
Iter [45500]: cnt_pair/n_pair = 11/12. Number of repeated pairs = 16551. Spend: 0.060 seconds.
Iter [46000]: cnt_pair/n_pair = 11/12. Number of repeated pairs = 16727. Spend: 0.059 seconds.
Iter [46500]: cnt_pair/n_pair = 11/12. Number of repeated pairs = 16910. Spend: 0.074 seconds.
Iter [47000]: cnt_pair/n_pair = 11/12. Number of repeated pairs = 17091. Spend: 0.061 seconds.
Iter [47500]: cnt_pair/n_pair = 11/12. Number of repeated pairs = 17296. Spend: 0.069 seconds.
Iter [48000]: cnt_pair/n_pair = 11/12. Number of repeated pairs = 17488. Spend: 0.081 seconds.
Iter [48500]: cnt_pair/n_pair = 11/12. Number of repeated pairs = 17685. Spend: 0.073 seconds.
Iter [49000]: cnt_pair/n_pair = 11/12. Number of repeated pairs = 17870. Spend: 0.077 seconds.
Iter [49500]: cnt_pair/n_pair = 11/12. Number of repeated pairs = 18075. Spend: 0.070 seconds.
Iter [50000]: cnt_pair/n_pair = 11/12. Number of repeated pairs = 18243. Spend: 0.064 seconds.
Iter [50500]: cnt_pair/n_pair = 11/12. Number of repeated pairs = 18437. Spend: 0.060 seconds.
Iter [51000]: cnt_pair/n_pair = 11/12. Number of repeated pairs = 18620. Spend: 0.069 seconds.
Iter [51500]: cnt_pair/n_pair = 11/12. Number of repeated pairs = 18795. Spend: 0.060 seconds.
Iter [52000]: cnt_pair/n_pair = 11/12. Number of repeated pairs = 19002. Spend: 0.059 seconds.
Iter [52500]: cnt_pair/n_pair = 11/12. Number of repeated pairs = 19178. Spend: 0.059 seconds.
Iter [53000]: cnt_pair/n_pair = 11/12. Number of repeated pairs = 19352. Spend: 0.059 seconds.
Iter [53500]: cnt_pair/n_pair = 11/12. Number of repeated pairs = 19531. Spend: 0.061 seconds.
Iter [54000]: cnt_pair/n_pair = 11/12. Number of repeated pairs = 19702. Spend: 0.060 seconds.
Iter [54500]: cnt_pair/n_pair = 11/12. Number of repeated pairs = 19891. Spend: 0.065 seconds.
Iter [55000]: cnt_pair/n_pair = 11/12. Number of repeated pairs = 20077. Spend: 0.060 seconds.
Iter [55500]: cnt_pair/n_pair = 11/12. Number of repeated pairs = 20281. Spend: 0.059 seconds.
Iter [56000]: cnt_pair/n_pair = 11/12. Number of repeated pairs = 20433. Spend: 0.083 seconds.
Iter [56500]: cnt_pair/n_pair = 11/12. Number of repeated pairs = 20614. Spend: 0.081 seconds.
Iter [57000]: cnt_pair/n_pair = 11/12. Number of repeated pairs = 20797. Spend: 0.069 seconds.
Iter [57500]: cnt_pair/n_pair = 11/12. Number of repeated pairs = 20978. Spend: 0.059 seconds.
Iter [58000]: cnt_pair/n_pair = 11/12. Number of repeated pairs = 21173. Spend: 0.058 seconds.
Iter [58500]: cnt_pair/n_pair = 11/12. Number of repeated pairs = 21371. Spend: 0.060 seconds.
Iter [59000]: cnt_pair/n_pair = 11/12. Number of repeated pairs = 21548. Spend: 0.058 seconds.
Iter [59500]: cnt_pair/n_pair = 11/12. Number of repeated pairs = 21735. Spend: 0.058 seconds.
Iter [60000]: cnt_pair/n_pair = 11/12. Number of repeated pairs = 21915. Spend: 0.058 seconds.
Iter [60500]: cnt_pair/n_pair = 11/12. Number of repeated pairs = 22097. Spend: 0.058 seconds.
Iter [61000]: cnt_pair/n_pair = 11/12. Number of repeated pairs = 22275. Spend: 0.058 seconds.
Iter [61500]: cnt_pair/n_pair = 11/12. Number of repeated pairs = 22464. Spend: 0.060 seconds.
Iter [62000]: cnt_pair/n_pair = 11/12. Number of repeated pairs = 22640. Spend: 0.059 seconds.
Iter [62500]: cnt_pair/n_pair = 11/12. Number of repeated pairs = 22817. Spend: 0.059 seconds.
Iter [63000]: cnt_pair/n_pair = 11/12. Number of repeated pairs = 23007. Spend: 0.059 seconds.
Iter [63500]: cnt_pair/n_pair = 11/12. Number of repeated pairs = 23181. Spend: 0.058 seconds.
Iter [64000]: cnt_pair/n_pair = 11/12. Number of repeated pairs = 23367. Spend: 0.058 seconds.
Iter [64500]: cnt_pair/n_pair = 11/12. Number of repeated pairs = 23545. Spend: 0.064 seconds.
Iter [65000]: cnt_pair/n_pair = 11/12. Number of repeated pairs = 23734. Spend: 0.067 seconds.
Iter [65500]: cnt_pair/n_pair = 11/12. Number of repeated pairs = 23908. Spend: 0.059 seconds.
Iter [66000]: cnt_pair/n_pair = 11/12. Number of repeated pairs = 24082. Spend: 0.057 seconds.
Iter [66500]: cnt_pair/n_pair = 11/12. Number of repeated pairs = 24277. Spend: 0.058 seconds.
Iter [67000]: cnt_pair/n_pair = 11/12. Number of repeated pairs = 24464. Spend: 0.059 seconds.
Iter [67500]: cnt_pair/n_pair = 11/12. Number of repeated pairs = 24653. Spend: 0.072 seconds.
Iter [68000]: cnt_pair/n_pair = 11/12. Number of repeated pairs = 24851. Spend: 0.074 seconds.
Iter [68500]: cnt_pair/n_pair = 11/12. Number of repeated pairs = 25023. Spend: 0.057 seconds.
Iter [69000]: cnt_pair/n_pair = 11/12. Number of repeated pairs = 25201. Spend: 0.061 seconds.
Iter [69500]: cnt_pair/n_pair = 11/12. Number of repeated pairs = 25385. Spend: 0.059 seconds.
Iter [70000]: cnt_pair/n_pair = 11/12. Number of repeated pairs = 25568. Spend: 0.061 seconds.
Iter [70500]: cnt_pair/n_pair = 11/12. Number of repeated pairs = 25733. Spend: 0.076 seconds.
Iter [71000]: cnt_pair/n_pair = 11/12. Number of repeated pairs = 25913. Spend: 0.064 seconds.
Iter [71500]: cnt_pair/n_pair = 11/12. Number of repeated pairs = 26100. Spend: 0.074 seconds.
Iter [72000]: cnt_pair/n_pair = 11/12. Number of repeated pairs = 26289. Spend: 0.068 seconds.
Iter [72500]: cnt_pair/n_pair = 11/12. Number of repeated pairs = 26453. Spend: 0.068 seconds.
Iter [73000]: cnt_pair/n_pair = 11/12. Number of repeated pairs = 26632. Spend: 0.071 seconds.
Iter [73500]: cnt_pair/n_pair = 11/12. Number of repeated pairs = 26831. Spend: 0.071 seconds.
Iter [74000]: cnt_pair/n_pair = 11/12. Number of repeated pairs = 27013. Spend: 0.080 seconds.
Iter [74500]: cnt_pair/n_pair = 11/12. Number of repeated pairs = 27178. Spend: 0.072 seconds.
Iter [75000]: cnt_pair/n_pair = 11/12. Number of repeated pairs = 27358. Spend: 0.066 seconds.
Iter [75500]: cnt_pair/n_pair = 11/12. Number of repeated pairs = 27557. Spend: 0.059 seconds.
Iter [76000]: cnt_pair/n_pair = 11/12. Number of repeated pairs = 27743. Spend: 0.058 seconds.
Iter [76500]: cnt_pair/n_pair = 11/12. Number of repeated pairs = 27928. Spend: 0.073 seconds.
Iter [77000]: cnt_pair/n_pair = 11/12. Number of repeated pairs = 28116. Spend: 0.081 seconds.
Iter [77500]: cnt_pair/n_pair = 11/12. Number of repeated pairs = 28315. Spend: 0.067 seconds.
Iter [78000]: cnt_pair/n_pair = 11/12. Number of repeated pairs = 28494. Spend: 0.075 seconds.
Iter [78500]: cnt_pair/n_pair = 11/12. Number of repeated pairs = 28689. Spend: 0.062 seconds.
Iter [79000]: cnt_pair/n_pair = 11/12. Number of repeated pairs = 28892. Spend: 0.063 seconds.
Iter [79500]: cnt_pair/n_pair = 11/12. Number of repeated pairs = 29094. Spend: 0.062 seconds.
Iter [80000]: cnt_pair/n_pair = 11/12. Number of repeated pairs = 29274. Spend: 0.062 seconds.
Iter [80500]: cnt_pair/n_pair = 11/12. Number of repeated pairs = 29472. Spend: 0.065 seconds.
Iter [81000]: cnt_pair/n_pair = 11/12. Number of repeated pairs = 29672. Spend: 0.069 seconds.
Iter [81500]: cnt_pair/n_pair = 11/12. Number of repeated pairs = 29861. Spend: 0.060 seconds.
Iter [82000]: cnt_pair/n_pair = 11/12. Number of repeated pairs = 30030. Spend: 0.059 seconds.
Successfully find 12 smooth pair with 82094 iterations. Number of repeated pairs = 30065.
Successfully factorize cap_n(1961) = 53 * 37
Total spend 11.225 seconds.
